         1 00000000 00000297 x05 (t0) <= 0x00000000
         2 00000004 0b028293 x05 (t0) <= 0x000000b0
         3 00000008 30529073 x00 (zero) <= 0x00000000
         4 0000000c 3050e073 x00 (zero) <= 0x000000b0
         5 00000010 00020297 x05 (t0) <= 0x00020010
         6 00000014 04c28293 x05 (t0) <= 0x0002005c
         7 00000018 00020317 x06 (t1) <= 0x00020018
         8 0000001c 04830313 x06 (t1) <= 0x00020060
         9 00000020 0002a023 write 0x0002005c <= 0x00000000
        10 00000024 00428293 x05 (t0) <= 0x00020060
        11 00000028 fe62ece3
        12 0000002c 00040117 x02 (sp) <= 0x0004002c
        13 00000030 fd410113 x02 (sp) <= 0x00040000
        14 00000034 008000ef x01 (ra) <= 0x00000038
        17 0000003c 00020417 x08 (s0(fp)) <= 0x0002003c
        18 00000040 fd440413 x08 (s0(fp)) <= 0x00020010
        19 00000044 100422af        20 00000048 00442303 read 0x00020014 => 0x00000005, x06 (t1) <= 0x00000005
        21 0000004c 006282b3 x05 (t0) <= 0x00000007
        22 00000050 1854232f        23 00000054 04031663
        24 00000058 90000437 x08 (s0(fp)) <= 0x90000000
        25 0000005c 00020497 x09 (s1) <= 0x0002005c
        26 00000060 fbc48493 x09 (s1) <= 0x00020018
        27 00000064 00020317 x06 (t1) <= 0x00020064
        28 00000068 ff032303 read 0x00020054 => 0x0000000f, x06 (t1) <= 0x0000000f
        29 0000006c 0004a383 read 0x00020018 => 0x00000052, x07 (t2) <= 0x00000052
        30 00000070 00742e23 write 0x9000001c <= 0x00000052
        31 00000074 fff30313 x06 (t1) <= 0x0000000e
        32 00000078 00030663
        33 0000007c 00448493 x09 (s1) <= 0x0002001c
        34 00000080 fedff06f x00 (zero) <= 0x00000084
        37 0000006c 0004a383 read 0x0002001c => 0x00000065, x07 (t2) <= 0x00000065
        38 00000070 00742e23 write 0x9000001c <= 0x00000065
        39 00000074 fff30313 x06 (t1) <= 0x0000000d
        40 00000078 00030663
        41 0000007c 00448493 x09 (s1) <= 0x00020020
        42 00000080 fedff06f x00 (zero) <= 0x00000084
        45 0000006c 0004a383 read 0x00020020 => 0x00000073, x07 (t2) <= 0x00000073
        46 00000070 00742e23 write 0x9000001c <= 0x00000073
        47 00000074 fff30313 x06 (t1) <= 0x0000000c
        48 00000078 00030663
        49 0000007c 00448493 x09 (s1) <= 0x00020024
        50 00000080 fedff06f x00 (zero) <= 0x00000084
        53 0000006c 0004a383 read 0x00020024 => 0x00000075, x07 (t2) <= 0x00000075
        54 00000070 00742e23 write 0x9000001c <= 0x00000075
        55 00000074 fff30313 x06 (t1) <= 0x0000000b
        56 00000078 00030663
        57 0000007c 00448493 x09 (s1) <= 0x00020028
        58 00000080 fedff06f x00 (zero) <= 0x00000084
        61 0000006c 0004a383 read 0x00020028 => 0x0000006c, x07 (t2) <= 0x0000006c
        62 00000070 00742e23 write 0x9000001c <= 0x0000006c
        63 00000074 fff30313 x06 (t1) <= 0x0000000a
        64 00000078 00030663
        65 0000007c 00448493 x09 (s1) <= 0x0002002c
        66 00000080 fedff06f x00 (zero) <= 0x00000084
        69 0000006c 0004a383 read 0x0002002c => 0x00000074, x07 (t2) <= 0x00000074
        70 00000070 00742e23 write 0x9000001c <= 0x00000074
        71 00000074 fff30313 x06 (t1) <= 0x00000009
        72 00000078 00030663
        73 0000007c 00448493 x09 (s1) <= 0x00020030
        74 00000080 fedff06f x00 (zero) <= 0x00000084
        77 0000006c 0004a383 read 0x00020030 => 0x00000020, x07 (t2) <= 0x00000020
        78 00000070 00742e23 write 0x9000001c <= 0x00000020
        79 00000074 fff30313 x06 (t1) <= 0x00000008
        80 00000078 00030663
        81 0000007c 00448493 x09 (s1) <= 0x00020034
        82 00000080 fedff06f x00 (zero) <= 0x00000084
        85 0000006c 0004a383 read 0x00020034 => 0x00000032, x07 (t2) <= 0x00000032
        86 00000070 00742e23 write 0x9000001c <= 0x00000032
        87 00000074 fff30313 x06 (t1) <= 0x00000007
        88 00000078 00030663
        89 0000007c 00448493 x09 (s1) <= 0x00020038
        90 00000080 fedff06f x00 (zero) <= 0x00000084
        93 0000006c 0004a383 read 0x00020038 => 0x00000020, x07 (t2) <= 0x00000020
        94 00000070 00742e23 write 0x9000001c <= 0x00000020
        95 00000074 fff30313 x06 (t1) <= 0x00000006
        96 00000078 00030663
        97 0000007c 00448493 x09 (s1) <= 0x0002003c
        98 00000080 fedff06f x00 (zero) <= 0x00000084
       101 0000006c 0004a383 read 0x0002003c => 0x0000002b, x07 (t2) <= 0x0000002b
       102 00000070 00742e23 write 0x9000001c <= 0x0000002b
       103 00000074 fff30313 x06 (t1) <= 0x00000005
       104 00000078 00030663
       105 0000007c 00448493 x09 (s1) <= 0x00020040
       106 00000080 fedff06f x00 (zero) <= 0x00000084
       109 0000006c 0004a383 read 0x00020040 => 0x00000020, x07 (t2) <= 0x00000020
       110 00000070 00742e23 write 0x9000001c <= 0x00000020
       111 00000074 fff30313 x06 (t1) <= 0x00000004
       112 00000078 00030663
       113 0000007c 00448493 x09 (s1) <= 0x00020044
       114 00000080 fedff06f x00 (zero) <= 0x00000084
       117 0000006c 0004a383 read 0x00020044 => 0x00000035, x07 (t2) <= 0x00000035
       118 00000070 00742e23 write 0x9000001c <= 0x00000035
       119 00000074 fff30313 x06 (t1) <= 0x00000003
       120 00000078 00030663
       121 0000007c 00448493 x09 (s1) <= 0x00020048
       122 00000080 fedff06f x00 (zero) <= 0x00000084
       125 0000006c 0004a383 read 0x00020048 => 0x00000020, x07 (t2) <= 0x00000020
       126 00000070 00742e23 write 0x9000001c <= 0x00000020
       127 00000074 fff30313 x06 (t1) <= 0x00000002
       128 00000078 00030663
       129 0000007c 00448493 x09 (s1) <= 0x0002004c
       130 00000080 fedff06f x00 (zero) <= 0x00000084
       133 0000006c 0004a383 read 0x0002004c => 0x0000003d, x07 (t2) <= 0x0000003d
       134 00000070 00742e23 write 0x9000001c <= 0x0000003d
       135 00000074 fff30313 x06 (t1) <= 0x00000001
       136 00000078 00030663
       137 0000007c 00448493 x09 (s1) <= 0x00020050
       138 00000080 fedff06f x00 (zero) <= 0x00000084
       141 0000006c 0004a383 read 0x00020050 => 0x00000020, x07 (t2) <= 0x00000020
       142 00000070 00742e23 write 0x9000001c <= 0x00000020
       143 00000074 fff30313 x06 (t1) <= 0x00000000
       144 00000078 00030663
       147 00000084 00020317 x06 (t1) <= 0x00020084
       148 00000088 fd432303 read 0x00020058 => 0x00000030, x06 (t1) <= 0x00000030
       149 0000008c 00628333 x06 (t1) <= 0x00000037
       150 00000090 00642e23 write 0x9000001c <= 0x00000037
       151 00000094 00a00313 x06 (t1) <= 0x0000000a
       152 00000098 00642e23 write 0x9000001c <= 0x0000000a
       153 0000009c 00008067 x00 (zero) <= 0x000000a0
       156 00000038 3880006f x00 (zero) <= 0x0000003c
       159 000003c0 0ff57793 x15 (a5) <= 0x00000000
       160 000003c4 90000737 x14 (a4) <= 0x90000000
       161 000003c8 02f70623 write 0x9000002c <= 0x00000000
