         1 00000000 00000297 x05 (t0) <= 0x00000000
         2 00000004 0b028293 x05 (t0) <= 0x000000b0
         3 00000008 30529073 x00 (zero) <= 0x00000000
         4 0000000c 3050e073 x00 (zero) <= 0x000000b0
         5 00000010 00020297 x05 (t0) <= 0x00020010
         6 00000014 04c28293 x05 (t0) <= 0x0002005c
         7 00000018 00020317 x06 (t1) <= 0x00020018
         8 0000001c 04830313 x06 (t1) <= 0x00020060
         9 00000020 0002a023 write 0x0002005c <= 0x00000000
        10 00000024 00428293 x05 (t0) <= 0x00020060
        11 00000028 fe62ece3
        12 0000002c 00040117 x02 (sp) <= 0x0004002c
        13 00000030 fd410113 x02 (sp) <= 0x00040000
        14 00000034 008000ef x01 (ra) <= 0x00000038
        17 0000003c 00020417 x08 (s0(fp)) <= 0x0002003c
        18 00000040 fd440413 x08 (s0(fp)) <= 0x00020010
        19 00000044 100422af
        22 000000b8 0380006f x00 (zero) <= 0x000000bc
        25 000000f0 fb010113 x02 (sp) <= 0x0003ffb0
        26 000000f4 04112623 write 0x0003fffc <= 0x00000038
        27 000000f8 04512423 write 0x0003fff8 <= 0x00020060
        28 000000fc 04612223 write 0x0003fff4 <= 0x00020060
        29 00000100 04712023 write 0x0003fff0 <= 0x00000000
        30 00000104 02812e23 write 0x0003ffec <= 0x00020010
        31 00000108 02a12c23 write 0x0003ffe8 <= 0x00000000
        32 0000010c 02b12a23 write 0x0003ffe4 <= 0x00000000
        33 00000110 02c12823 write 0x0003ffe0 <= 0x00000000
        34 00000114 02d12623 write 0x0003ffdc <= 0x00000000
        35 00000118 02e12423 write 0x0003ffd8 <= 0x00000000
        36 0000011c 02f12223 write 0x0003ffd4 <= 0x00000000
        37 00000120 03012023 write 0x0003ffd0 <= 0x00000000
        38 00000124 01112e23 write 0x0003ffcc <= 0x00000000
        39 00000128 01c12c23 write 0x0003ffc8 <= 0x00000000
        40 0000012c 01d12a23 write 0x0003ffc4 <= 0x00000000
        41 00000130 01e12823 write 0x0003ffc0 <= 0x00000000
        42 00000134 01f12623 write 0x0003ffbc <= 0x00000000
        43 00000138 05010413 x08 (s0(fp)) <= 0x00040000
        44 0000013c 00000793 x15 (a5) <= 0x00000000
        45 00000140 00078863
        48 00000150 34102f73 x30 (t5) <= 0x00000044
        49 00000154 004f0f13 x30 (t5) <= 0x00000048
        50 00000158 341f1073 x00 (zero) <= 0x00000044
        51 0000015c 04c12083 read 0x0003fffc => 0x00000038, x01 (ra) <= 0x00000038
        52 00000160 04812283 read 0x0003fff8 => 0x00020060, x05 (t0) <= 0x00020060
        53 00000164 04412303 read 0x0003fff4 => 0x00020060, x06 (t1) <= 0x00020060
        54 00000168 04012383 read 0x0003fff0 => 0x00000000, x07 (t2) <= 0x00000000
        55 0000016c 03c12403 read 0x0003ffec => 0x00020010, x08 (s0(fp)) <= 0x00020010
        56 00000170 03812503 read 0x0003ffe8 => 0x00000000, x10 (a0) <= 0x00000000
        57 00000174 03412583 read 0x0003ffe4 => 0x00000000, x11 (a1) <= 0x00000000
        58 00000178 03012603 read 0x0003ffe0 => 0x00000000, x12 (a2) <= 0x00000000
        59 0000017c 02c12683 read 0x0003ffdc => 0x00000000, x13 (a3) <= 0x00000000
        60 00000180 02812703 read 0x0003ffd8 => 0x00000000, x14 (a4) <= 0x00000000
        61 00000184 02412783 read 0x0003ffd4 => 0x00000000, x15 (a5) <= 0x00000000
        62 00000188 02012803 read 0x0003ffd0 => 0x00000000, x16 (a6) <= 0x00000000
        63 0000018c 01c12883 read 0x0003ffcc => 0x00000000, x17 (a7) <= 0x00000000
        64 00000190 01812e03 read 0x0003ffc8 => 0x00000000, x28 (t3) <= 0x00000000
        65 00000194 01412e83 read 0x0003ffc4 => 0x00000000, x29 (t4) <= 0x00000000
        66 00000198 01012f03 read 0x0003ffc0 => 0x00000000, x30 (t5) <= 0x00000000
        67 0000019c 00c12f83 read 0x0003ffbc => 0x00000000, x31 (t6) <= 0x00000000
        68 000001a0 05010113 x02 (sp) <= 0x00040000
        69 000001a4 30200073
        72 00000048 00442303 read 0x00020014 => 0x00000005, x06 (t1) <= 0x00000005
        73 0000004c 006282b3 x05 (t0) <= 0x00020065
        74 00000050 1854232f
        77 000000b8 0380006f x00 (zero) <= 0x000000bc
        80 000000f0 fb010113 x02 (sp) <= 0x0003ffb0
        81 000000f4 04112623 write 0x0003fffc <= 0x00000038
        82 000000f8 04512423 write 0x0003fff8 <= 0x00020065
        83 000000fc 04612223 write 0x0003fff4 <= 0x00000005
        84 00000100 04712023 write 0x0003fff0 <= 0x00000000
        85 00000104 02812e23 write 0x0003ffec <= 0x00020010
        86 00000108 02a12c23 write 0x0003ffe8 <= 0x00000000
        87 0000010c 02b12a23 write 0x0003ffe4 <= 0x00000000
        88 00000110 02c12823 write 0x0003ffe0 <= 0x00000000
        89 00000114 02d12623 write 0x0003ffdc <= 0x00000000
        90 00000118 02e12423 write 0x0003ffd8 <= 0x00000000
        91 0000011c 02f12223 write 0x0003ffd4 <= 0x00000000
        92 00000120 03012023 write 0x0003ffd0 <= 0x00000000
        93 00000124 01112e23 write 0x0003ffcc <= 0x00000000
        94 00000128 01c12c23 write 0x0003ffc8 <= 0x00000000
        95 0000012c 01d12a23 write 0x0003ffc4 <= 0x00000000
        96 00000130 01e12823 write 0x0003ffc0 <= 0x00000000
        97 00000134 01f12623 write 0x0003ffbc <= 0x00000000
        98 00000138 05010413 x08 (s0(fp)) <= 0x00040000
        99 0000013c 00000793 x15 (a5) <= 0x00000000
       100 00000140 00078863
       103 00000150 34102f73 x30 (t5) <= 0x00000050
       104 00000154 004f0f13 x30 (t5) <= 0x00000054
       105 00000158 341f1073 x00 (zero) <= 0x00000050
       106 0000015c 04c12083 read 0x0003fffc => 0x00000038, x01 (ra) <= 0x00000038
       107 00000160 04812283 read 0x0003fff8 => 0x00020065, x05 (t0) <= 0x00020065
       108 00000164 04412303 read 0x0003fff4 => 0x00000005, x06 (t1) <= 0x00000005
       109 00000168 04012383 read 0x0003fff0 => 0x00000000, x07 (t2) <= 0x00000000
       110 0000016c 03c12403 read 0x0003ffec => 0x00020010, x08 (s0(fp)) <= 0x00020010
       111 00000170 03812503 read 0x0003ffe8 => 0x00000000, x10 (a0) <= 0x00000000
       112 00000174 03412583 read 0x0003ffe4 => 0x00000000, x11 (a1) <= 0x00000000
       113 00000178 03012603 read 0x0003ffe0 => 0x00000000, x12 (a2) <= 0x00000000
       114 0000017c 02c12683 read 0x0003ffdc => 0x00000000, x13 (a3) <= 0x00000000
       115 00000180 02812703 read 0x0003ffd8 => 0x00000000, x14 (a4) <= 0x00000000
       116 00000184 02412783 read 0x0003ffd4 => 0x00000000, x15 (a5) <= 0x00000000
       117 00000188 02012803 read 0x0003ffd0 => 0x00000000, x16 (a6) <= 0x00000000
       118 0000018c 01c12883 read 0x0003ffcc => 0x00000000, x17 (a7) <= 0x00000000
       119 00000190 01812e03 read 0x0003ffc8 => 0x00000000, x28 (t3) <= 0x00000000
       120 00000194 01412e83 read 0x0003ffc4 => 0x00000000, x29 (t4) <= 0x00000000
       121 00000198 01012f03 read 0x0003ffc0 => 0x00000000, x30 (t5) <= 0x00000000
       122 0000019c 00c12f83 read 0x0003ffbc => 0x00000000, x31 (t6) <= 0x00000000
       123 000001a0 05010113 x02 (sp) <= 0x00040000
       124 000001a4 30200073
       127 00000054 04031663
       130 000000a0 00008067 x00 (zero) <= 0x000000a4
       133 00000038 3880006f x00 (zero) <= 0x0000003c
       136 000003c0 0ff57793 x15 (a5) <= 0x00000000
       137 000003c4 90000737 x14 (a4) <= 0x90000000
       138 000003c8 02f70623 write 0x9000002c <= 0x00000000
